mode: set
github.com/rafaeldias/currency-converter/services/currency/convert.go:14.76,23.16 4 1
github.com/rafaeldias/currency-converter/services/currency/convert.go:27.2,29.47 2 1
github.com/rafaeldias/currency-converter/services/currency/convert.go:33.2,33.25 1 1
github.com/rafaeldias/currency-converter/services/currency/convert.go:23.16,25.3 1 1
github.com/rafaeldias/currency-converter/services/currency/convert.go:29.47,31.3 1 1
github.com/rafaeldias/currency-converter/services/currency/currency.go:10.48,13.2 2 0
github.com/rafaeldias/currency-converter/services/currency/currencylayer.go:40.63,42.16 2 1
github.com/rafaeldias/currency-converter/services/currency/currencylayer.go:46.2,46.49 1 1
github.com/rafaeldias/currency-converter/services/currency/currencylayer.go:50.2,50.23 1 1
github.com/rafaeldias/currency-converter/services/currency/currencylayer.go:42.16,44.3 1 1
github.com/rafaeldias/currency-converter/services/currency/currencylayer.go:46.49,48.3 1 1
github.com/rafaeldias/currency-converter/services/currency/currencylayer.go:53.80,61.58 3 1
github.com/rafaeldias/currency-converter/services/currency/currencylayer.go:65.2,65.29 1 1
github.com/rafaeldias/currency-converter/services/currency/currencylayer.go:61.58,63.3 1 0
github.com/rafaeldias/currency-converter/services/currency/currencylayer.go:69.87,71.16 2 1
github.com/rafaeldias/currency-converter/services/currency/currencylayer.go:75.2,76.16 2 1
github.com/rafaeldias/currency-converter/services/currency/currencylayer.go:80.2,80.22 1 1
github.com/rafaeldias/currency-converter/services/currency/currencylayer.go:71.16,73.3 1 0
github.com/rafaeldias/currency-converter/services/currency/currencylayer.go:76.16,78.3 1 1
github.com/rafaeldias/currency-converter/services/currency/defaultpayload.go:12.45,13.16 1 1
github.com/rafaeldias/currency-converter/services/currency/defaultpayload.go:16.2,16.12 1 1
github.com/rafaeldias/currency-converter/services/currency/defaultpayload.go:13.16,15.3 1 1
github.com/rafaeldias/currency-converter/services/currency/list.go:14.37,18.16 3 1
github.com/rafaeldias/currency-converter/services/currency/list.go:22.2,24.47 2 1
github.com/rafaeldias/currency-converter/services/currency/list.go:28.2,28.29 1 1
github.com/rafaeldias/currency-converter/services/currency/list.go:18.16,20.3 1 1
github.com/rafaeldias/currency-converter/services/currency/list.go:24.47,26.3 1 1
