mode: set
github.com/rafaeldias/currency-converter/router/context.go:24.78,26.2 1 1
github.com/rafaeldias/currency-converter/router/context.go:29.62,34.61 3 1
github.com/rafaeldias/currency-converter/router/context.go:39.2,39.10 1 1
github.com/rafaeldias/currency-converter/router/context.go:34.61,37.3 2 1
github.com/rafaeldias/currency-converter/router/context.go:43.49,45.9 2 1
github.com/rafaeldias/currency-converter/router/context.go:48.2,48.10 1 1
github.com/rafaeldias/currency-converter/router/context.go:45.9,47.3 1 1
github.com/rafaeldias/currency-converter/router/context.go:52.52,54.2 1 1
github.com/rafaeldias/currency-converter/router/context.go:57.47,59.2 1 1
github.com/rafaeldias/currency-converter/router/context.go:62.52,65.2 1 1
github.com/rafaeldias/currency-converter/router/context.go:68.49,70.9 2 1
github.com/rafaeldias/currency-converter/router/context.go:73.2,73.10 1 1
github.com/rafaeldias/currency-converter/router/context.go:70.9,72.3 1 1
github.com/rafaeldias/currency-converter/router/context.go:77.55,82.2 3 1
github.com/rafaeldias/currency-converter/router/router.go:29.20,31.2 1 1
github.com/rafaeldias/currency-converter/router/router.go:35.52,43.2 2 1
github.com/rafaeldias/currency-converter/router/router.go:46.33,48.2 1 1
github.com/rafaeldias/currency-converter/router/router.go:51.71,52.33 1 1
github.com/rafaeldias/currency-converter/router/router.go:52.33,54.53 2 1
github.com/rafaeldias/currency-converter/router/router.go:54.53,63.4 5 1
github.com/rafaeldias/currency-converter/router/router.go:67.53,68.34 1 1
github.com/rafaeldias/currency-converter/router/router.go:68.34,70.3 1 1
github.com/rafaeldias/currency-converter/router/router.go:73.39,74.20 1 1
github.com/rafaeldias/currency-converter/router/router.go:79.2,79.20 1 1
github.com/rafaeldias/currency-converter/router/router.go:83.2,83.13 1 1
github.com/rafaeldias/currency-converter/router/router.go:74.20,76.3 1 1
github.com/rafaeldias/currency-converter/router/router.go:79.20,81.3 1 1
github.com/rafaeldias/currency-converter/router/router.go:86.43,89.58 2 1
github.com/rafaeldias/currency-converter/router/router.go:95.2,95.15 1 1
github.com/rafaeldias/currency-converter/router/router.go:89.58,90.23 1 1
github.com/rafaeldias/currency-converter/router/router.go:90.23,92.4 1 1
github.com/rafaeldias/currency-converter/router/router.go:98.50,102.2 2 1
github.com/rafaeldias/currency-converter/router/router.go:104.66,105.22 1 1
github.com/rafaeldias/currency-converter/router/router.go:105.22,106.33 1 1
github.com/rafaeldias/currency-converter/router/router.go:106.33,108.4 1 1
